<?xml version="1.0" encoding="UTF-8"?>
<testng-results skipped="0" failed="0" ignored="0" total="1" passed="1">
  <reporter-output>
  </reporter-output>
  <suite name="Default suite" duration-ms="9298" started-at="2018-06-16T05:22:46Z" finished-at="2018-06-16T05:22:56Z">
    <groups>
    </groups>
    <test name="Default test" duration-ms="9298" started-at="2018-06-16T05:22:46Z" finished-at="2018-06-16T05:22:56Z">
      <class name="sampleGittest.sampleGittest">
        <test-method status="PASS" signature="logintest()[pri:0, instance:sampleGittest.sampleGittest@7080dc]" name="logintest" duration-ms="9263" started-at="2018-06-16T05:22:46Z" finished-at="2018-06-16T05:22:56Z">
          <reporter-output>
          </reporter-output>
        </test-method> <!-- logintest -->
      </class> <!-- sampleGittest.sampleGittest -->
    </test> <!-- Default test -->
  </suite> <!-- Default suite -->
</testng-results>
